  Building Custom Rule F:/cloud/Git/openGL/install/freeglut-3.0.0/CMakeLists.txt
  CMake does not need to re-run because F:/cloud/Git/openGL/install/GLUT_x86/CMakeFiles/generate.stamp is up-to-date.
  fg_callbacks.c
  fg_cursor.c
  fg_display.c
  fg_ext.c
  fg_font_data.c
  fg_gamemode.c
  fg_geometry.c
  fg_gl2.c
  fg_init.c
  fg_input_devices.c
  fg_joystick.c
  fg_main.c
  fg_misc.c
  fg_overlay.c
  fg_spaceball.c
  fg_state.c
  fg_stroke_mono_roman.c
  fg_stroke_roman.c
  fg_structure.c
  fg_teapot.c
F:\cloud\Git\openGL\install\freeglut-3.0.0\src\fg_teapot.c : warning C4819: 현재 코드 페이지(949)에서 표시할 수 없는 문자가 파일에 들어 있습니다. 데이터가 손실되지 않게 하려면 해당 파일을 유니코드 형식으로 저장하십시오.
  코드를 생성하고 있습니다...
  컴파일하고 있습니다...
  fg_videoresize.c
  fg_window.c
  fg_font.c
  fg_menu.c
  fg_cursor_mswin.c
  fg_display_mswin.c
  fg_ext_mswin.c
  fg_gamemode_mswin.c
  fg_init_mswin.c
  fg_input_devices_mswin.c
  fg_joystick_mswin.c
  fg_main_mswin.c
  fg_menu_mswin.c
  fg_spaceball_mswin.c
  fg_state_mswin.c
  fg_structure_mswin.c
  fg_window_mswin.c
  fgSetupPixelFormat(): there is still some work to do here!
  xparsegeometry_repl.c
  코드를 생성하고 있습니다...
     F:/cloud/Git/openGL/install/GLUT_x86/lib/Release/freeglut.lib 라이브러리 및 F:/cloud/Git/openGL/install/GLUT_x86/lib/Release/freeglut.exp 개체를 생성하고 있습니다.
  freeglut.vcxproj -> F:\cloud\Git\openGL\install\GLUT_x86\bin\Release\freeglut.dll
